<?xml version="1.0" encoding="UTF-8"?>
<!-- Generated by org.testng.reporters.JUnitReportReporter -->
<testsuite hostname="CHD119995" name="com.exp.testcase.HomePageTest" tests="1" failures="0" timestamp="3 Jan 2019 12:07:25 GMT" time="3.187" errors="0">
  <testcase name="login" time="3.187" classname="com.exp.testcase.HomePageTest"/>
</testsuite> <!-- com.exp.testcase.HomePageTest -->
